<?xml version="1.0" encoding="UTF-8" ?>
<testsuite tests="4" failures="1" name="TestSuite" time="78.479" errors="0" skipped="1">
  <properties>
[...]
</properties>
  <testcase classname="com.qtpselenium.facebook.pom.testcases.ChangePasswordTest" name="changePasswdTest" time="0.012">
    <skipped/>
    <system-out>Configuring TestNG with: org.apache.maven.surefire.testng.conf.TestNG652Configurator@1f89fa3
LoginTest
Test starts from row - 6
Total rows are  - 1
Total cols are  - 6
</system-out>
  </testcase>
  <testcase classname="com.qtpselenium.facebook.pom.testcases.LoginTest" name="doLogin" time="23.393"/>
  <testcase classname="com.qtpselenium.facebook.pom.testcases.LoginTest" name="doLogin" time="35.148">
    <failure message="failure message" type="java.lang.AssertionError">java.lang.AssertionError: failure message
	at org.testng.Assert.fail(Assert.java:93)
	at com.qtpselenium.facebook.pom.base.BaseTest.reportFailure(BaseTest.java:88)
	at com.qtpselenium.facebook.pom.testcases.LoginTest.doLogin(LoginTest.java:41)
</failure>
    <system-out>//div[@id=&apos;userNavigationLabel&apos;] --&gt; size --&gt;  0
</system-out>
    <system-err>Jan 23, 2019 3:28:53 PM org.openqa.selenium.remote.DesiredCapabilities firefox
INFO: Using `new FirefoxOptions()` is preferred to `DesiredCapabilities.firefox()`
1548275334309	mozrunner::runner	INFO	Running command: &quot;C:\\Program Files\\Mozilla Firefox\\firefox.exe&quot; &quot;-marionette&quot; &quot;-foreground&quot; &quot;-no-remote&quot; &quot;-profile&quot; &quot;C:\\Users\\Noman\\AppData\\Local\\Temp\\rust_mozprofile.ZWWQ8VVUyVBb&quot;
1548275336277	addons.webextension.screenshots@mozilla.org	WARN	Loading extension &apos;screenshots@mozilla.org&apos;: Reading manifest: Invalid host permission: resource://pdf.js/
1548275336277	addons.webextension.screenshots@mozilla.org	WARN	Loading extension &apos;screenshots@mozilla.org&apos;: Reading manifest: Invalid host permission: about:reader*
1548275339692	Marionette	INFO	Listening on port 52011
1548275340022	Marionette	WARN	TLS certificate errors will be ignored for this session
Jan 23, 2019 3:29:00 PM org.openqa.selenium.remote.ProtocolHandshake createSession
INFO: Detected dialect: W3C
console.error: BroadcastService: 
  receivedBroadcastMessage: handler for
  remote-settings/monitor_changes
  threw error:
  Message: Error: Polling for changes failed: NetworkError when attempting to fetch resource..
  Stack:
    remoteSettingsFunction/remoteSettings.pollChanges@resource://services-settings/remote-settings.js:750:13

</system-err>
  </testcase>
  <testcase classname="com.qtpselenium.facebook.pom.testcases.ProfileTest" name="testProfile" time="19.926"/>
</testsuite>